1559059661613	mozrunner::runner	INFO	Running command: "/usr/bin/firefox" "-marionette" "-foreground" "-no-remote" "-profile" "/tmp/rust_mozprofile.6BVJ4HebtjhP"
1559059662027	addons.webextension.screenshots@mozilla.org	WARN	Loading extension 'screenshots@mozilla.org': Reading manifest: Invalid extension permission: mozillaAddons
1559059662027	addons.webextension.screenshots@mozilla.org	WARN	Loading extension 'screenshots@mozilla.org': Reading manifest: Invalid extension permission: resource://pdf.js/
1559059662028	addons.webextension.screenshots@mozilla.org	WARN	Loading extension 'screenshots@mozilla.org': Reading manifest: Invalid extension permission: about:reader*
1559059665596	Marionette	INFO	Listening on port 40277
1559059665648	Marionette	WARN	TLS certificate errors will be ignored for this session
JavaScript error: https://crm.teste.necto.com.br/static/js/app.js, line 2: TypeError: t.browser is undefined
JavaScript error: https://crm.teste.necto.com.br/static/js/app.js, line 2: TypeError: t.browser is undefined
JavaScript error: https://crm.teste.necto.com.br/static/js/app.js, line 2: TypeError: t.browser is undefined
JavaScript error: https://crm.teste.necto.com.br/static/js/app.js, line 2: TypeError: t.browser is undefined
JavaScript error: https://crm.teste.necto.com.br/static/js/app.js, line 2: TypeError: t.browser is undefined
JavaScript error: https://crm.teste.necto.com.br/static/js/app.js, line 2: TypeError: t.browser is undefined
[Parent 10366, Gecko_IOThread] WARNING: pipe error (101): Conexão fechada pela outra ponta: file /build/firefox-MhlWie/firefox-67.0+build2/ipc/chromium/src/chrome/common/ipc_channel_posix.cc, line 357
[Parent 10366, Gecko_IOThread] WARNING: pipe error (80): Conexão fechada pela outra ponta: file /build/firefox-MhlWie/firefox-67.0+build2/ipc/chromium/src/chrome/common/ipc_channel_posix.cc, line 357
1559059685504	Marionette	INFO	Stopped listening on port 40277
1559060585415	mozrunner::runner	INFO	Running command: "/usr/bin/firefox" "-marionette" "-foreground" "-no-remote" "-profile" "/tmp/rust_mozprofile.jgnStriJrR1U"
1559060585852	addons.webextension.screenshots@mozilla.org	WARN	Loading extension 'screenshots@mozilla.org': Reading manifest: Invalid extension permission: mozillaAddons
1559060585852	addons.webextension.screenshots@mozilla.org	WARN	Loading extension 'screenshots@mozilla.org': Reading manifest: Invalid extension permission: resource://pdf.js/
1559060585852	addons.webextension.screenshots@mozilla.org	WARN	Loading extension 'screenshots@mozilla.org': Reading manifest: Invalid extension permission: about:reader*
1559060588990	Marionette	INFO	Listening on port 46529
1559060589033	Marionette	WARN	TLS certificate errors will be ignored for this session
JavaScript error: https://crm.teste.necto.com.br/static/js/app.js, line 2: TypeError: t.browser is undefined
[Parent 11195, Gecko_IOThread] WARNING: pipe error (80): Conexão fechada pela outra ponta: file /build/firefox-MhlWie/firefox-67.0+build2/ipc/chromium/src/chrome/common/ipc_channel_posix.cc, line 357
[Parent 11195, Gecko_IOThread] WARNING: pipe error (83): Conexão fechada pela outra ponta: file /build/firefox-MhlWie/firefox-67.0+build2/ipc/chromium/src/chrome/common/ipc_channel_posix.cc, line 357
1559060599912	Marionette	INFO	Stopped listening on port 46529
1559065096273	mozrunner::runner	INFO	Running command: "/usr/bin/firefox" "-marionette" "-foreground" "-no-remote" "-profile" "/tmp/rust_mozprofile.srN5WNTubp2G"
1559065096822	addons.webextension.screenshots@mozilla.org	WARN	Loading extension 'screenshots@mozilla.org': Reading manifest: Invalid extension permission: mozillaAddons
1559065096822	addons.webextension.screenshots@mozilla.org	WARN	Loading extension 'screenshots@mozilla.org': Reading manifest: Invalid extension permission: resource://pdf.js/
1559065096822	addons.webextension.screenshots@mozilla.org	WARN	Loading extension 'screenshots@mozilla.org': Reading manifest: Invalid extension permission: about:reader*
1559065100434	Marionette	INFO	Listening on port 33029
1559065100494	Marionette	WARN	TLS certificate errors will be ignored for this session
JavaScript error: https://crm.teste.necto.com.br/static/js/app.js, line 2: TypeError: t.browser is undefined
JavaScript error: https://crm.teste.necto.com.br/static/js/app.js, line 2: TypeError: t.browser is undefined
JavaScript error: https://crm.teste.necto.com.br/static/js/app.js, line 2: TypeError: t.browser is undefined
JavaScript error: https://crm.teste.necto.com.br/static/js/app.js, line 2: TypeError: t.browser is undefined
JavaScript error: https://crm.teste.necto.com.br/static/js/app.js, line 2: TypeError: t.browser is undefined
JavaScript error: https://crm.teste.necto.com.br/static/js/app.js, line 2: TypeError: t.browser is undefined
console.error: BroadcastService: 
  receivedBroadcastMessage: handler for
  remote-settings/monitor_changes
  threw error:
  Message: Error: Polling for changes failed: http://%(server)s/dummy/blocklist//buckets/monitor/collections/changes/records?_expected=%221559064179834%22 is not a valid URL..
  Stack:
    remoteSettingsFunction/remoteSettings.pollChanges@resource://services-settings/remote-settings.js:203:13

1559065564099	mozrunner::runner	INFO	Running command: "/usr/bin/firefox" "-marionette" "-foreground" "-no-remote" "-profile" "/tmp/rust_mozprofile.m98CMOmXrghL"
1559065564516	addons.webextension.screenshots@mozilla.org	WARN	Loading extension 'screenshots@mozilla.org': Reading manifest: Invalid extension permission: mozillaAddons
1559065564517	addons.webextension.screenshots@mozilla.org	WARN	Loading extension 'screenshots@mozilla.org': Reading manifest: Invalid extension permission: resource://pdf.js/
1559065564517	addons.webextension.screenshots@mozilla.org	WARN	Loading extension 'screenshots@mozilla.org': Reading manifest: Invalid extension permission: about:reader*
1559065567945	Marionette	INFO	Listening on port 40085
1559065568013	Marionette	WARN	TLS certificate errors will be ignored for this session
JavaScript error: https://crm.teste.necto.com.br/static/js/app.js, line 2: TypeError: t.browser is undefined
JavaScript error: https://crm.teste.necto.com.br/static/js/app.js, line 2: TypeError: t.browser is undefined
JavaScript error: https://crm.teste.necto.com.br/static/js/app.js, line 2: TypeError: t.browser is undefined
JavaScript error: https://crm.teste.necto.com.br/static/js/app.js, line 2: TypeError: t.browser is undefined
JavaScript error: https://crm.teste.necto.com.br/static/js/app.js, line 2: TypeError: t.browser is undefined
JavaScript error: https://crm.teste.necto.com.br/static/js/app.js, line 2: TypeError: t.browser is undefined
console.warn: "Error while detaching the thread front: 'detach' request packet to 'server1.conn0.child1/context19' can't be sent as the connection is closed."
[Parent 14642, Gecko_IOThread] WARNING: pipe error (94): Conexão fechada pela outra ponta: file /build/firefox-MhlWie/firefox-67.0+build2/ipc/chromium/src/chrome/common/ipc_channel_posix.cc, line 357
[Parent 14642, Gecko_IOThread] WARNING: pipe error (80): Conexão fechada pela outra ponta: file /build/firefox-MhlWie/firefox-67.0+build2/ipc/chromium/src/chrome/common/ipc_channel_posix.cc, line 357
1559065667174	Marionette	INFO	Stopped listening on port 40085
JavaScript error: chrome://browser/content/browser-customization.js, line 167: NS_ERROR_NOT_INITIALIZED: 
[Parent 14044, Gecko_IOThread] WARNING: pipe error (80): Conexão fechada pela outra ponta: file /build/firefox-MhlWie/firefox-67.0+build2/ipc/chromium/src/chrome/common/ipc_channel_posix.cc, line 357
[Parent 14044, Gecko_IOThread] WARNING: pipe error (94): Conexão fechada pela outra ponta: file /build/firefox-MhlWie/firefox-67.0+build2/ipc/chromium/src/chrome/common/ipc_channel_posix.cc, line 357
1559065669071	Marionette	INFO	Stopped listening on port 33029
1559067300021	mozrunner::runner	INFO	Running command: "/usr/bin/firefox" "-marionette" "-foreground" "-no-remote" "-profile" "/tmp/rust_mozprofile.lFz1DQvLpu2n"
1559067300436	addons.webextension.screenshots@mozilla.org	WARN	Loading extension 'screenshots@mozilla.org': Reading manifest: Invalid extension permission: mozillaAddons
1559067300436	addons.webextension.screenshots@mozilla.org	WARN	Loading extension 'screenshots@mozilla.org': Reading manifest: Invalid extension permission: resource://pdf.js/
1559067300436	addons.webextension.screenshots@mozilla.org	WARN	Loading extension 'screenshots@mozilla.org': Reading manifest: Invalid extension permission: about:reader*
1559067303618	Marionette	INFO	Listening on port 33645
1559067303637	Marionette	WARN	TLS certificate errors will be ignored for this session
JavaScript error: https://crm.teste.necto.com.br/static/js/app.js, line 2: TypeError: t.browser is undefined
JavaScript error: https://crm.teste.necto.com.br/static/js/app.js, line 2: TypeError: t.browser is undefined
JavaScript error: https://crm.teste.necto.com.br/static/js/app.js, line 2: TypeError: t.browser is undefined
JavaScript error: https://crm.teste.necto.com.br/static/js/app.js, line 2: TypeError: t.browser is undefined
JavaScript error: https://crm.teste.necto.com.br/static/js/app.js, line 2: TypeError: t.browser is undefined
console.warn: "Error while detaching the thread front: 'detach' request packet to 'server1.conn0.child1/context19' can't be sent as the connection is closed."
JavaScript error: https://crm.teste.necto.com.br/static/js/app.js, line 2: TypeError: t.browser is undefined
[Parent 15754, Gecko_IOThread] WARNING: pipe error (80): Conexão fechada pela outra ponta: file /build/firefox-MhlWie/firefox-67.0+build2/ipc/chromium/src/chrome/common/ipc_channel_posix.cc, line 357
[Parent 15754, Gecko_IOThread] WARNING: pipe error (83): Conexão fechada pela outra ponta: file /build/firefox-MhlWie/firefox-67.0+build2/ipc/chromium/src/chrome/common/ipc_channel_posix.cc, line 357
1559067389358	Marionette	INFO	Stopped listening on port 33645
1559067663922	mozrunner::runner	INFO	Running command: "/usr/bin/firefox" "-marionette" "-foreground" "-no-remote" "-profile" "/tmp/rust_mozprofile.Sy2Ad7oJRCtz"
1559067664342	addons.webextension.screenshots@mozilla.org	WARN	Loading extension 'screenshots@mozilla.org': Reading manifest: Invalid extension permission: mozillaAddons
1559067664343	addons.webextension.screenshots@mozilla.org	WARN	Loading extension 'screenshots@mozilla.org': Reading manifest: Invalid extension permission: resource://pdf.js/
1559067664343	addons.webextension.screenshots@mozilla.org	WARN	Loading extension 'screenshots@mozilla.org': Reading manifest: Invalid extension permission: about:reader*
1559067667637	Marionette	INFO	Listening on port 34353
1559067667733	Marionette	WARN	TLS certificate errors will be ignored for this session
JavaScript error: https://crm.teste.necto.com.br/static/js/app.js, line 2: TypeError: t.browser is undefined
JavaScript error: https://crm.teste.necto.com.br/static/js/app.js, line 2: TypeError: t.browser is undefined
JavaScript error: https://crm.teste.necto.com.br/static/js/app.js, line 2: TypeError: t.browser is undefined
JavaScript error: https://crm.teste.necto.com.br/static/js/app.js, line 2: TypeError: t.browser is undefined
JavaScript error: https://crm.teste.necto.com.br/static/js/app.js, line 2: TypeError: t.browser is undefined
JavaScript error: https://crm.teste.necto.com.br/static/js/app.js, line 2: TypeError: t.browser is undefined
1559067722381	mozrunner::runner	INFO	Running command: "/usr/bin/firefox" "-marionette" "-foreground" "-no-remote" "-profile" "/tmp/rust_mozprofile.tvYzC9XVXXUE"
1559067722778	addons.webextension.screenshots@mozilla.org	WARN	Loading extension 'screenshots@mozilla.org': Reading manifest: Invalid extension permission: mozillaAddons
1559067722779	addons.webextension.screenshots@mozilla.org	WARN	Loading extension 'screenshots@mozilla.org': Reading manifest: Invalid extension permission: resource://pdf.js/
1559067722780	addons.webextension.screenshots@mozilla.org	WARN	Loading extension 'screenshots@mozilla.org': Reading manifest: Invalid extension permission: about:reader*
1559067726429	Marionette	INFO	Listening on port 40805
1559067726495	Marionette	WARN	TLS certificate errors will be ignored for this session
JavaScript error: https://crm.teste.necto.com.br/static/js/app.js, line 2: TypeError: t.browser is undefined
[Parent 16614, Gecko_IOThread] WARNING: pipe error (80): Conexão fechada pela outra ponta: file /build/firefox-MhlWie/firefox-67.0+build2/ipc/chromium/src/chrome/common/ipc_channel_posix.cc, line 357
[Parent 16614, Gecko_IOThread] WARNING: pipe error (101): Conexão fechada pela outra ponta: file /build/firefox-MhlWie/firefox-67.0+build2/ipc/chromium/src/chrome/common/ipc_channel_posix.cc, line 357
1559067737431	Marionette	INFO	Stopped listening on port 40805
[Parent 16299, Gecko_IOThread] WARNING: pipe error (97): Conexão fechada pela outra ponta: file /build/firefox-MhlWie/firefox-67.0+build2/ipc/chromium/src/chrome/common/ipc_channel_posix.cc, line 357
1559067742094	Marionette	INFO	Stopped listening on port 34353
1559067885253	mozrunner::runner	INFO	Running command: "/usr/bin/firefox" "-marionette" "-foreground" "-no-remote" "-profile" "/tmp/rust_mozprofile.Ylp6hrPwjPEm"
1559067885677	addons.webextension.screenshots@mozilla.org	WARN	Loading extension 'screenshots@mozilla.org': Reading manifest: Invalid extension permission: mozillaAddons
1559067885678	addons.webextension.screenshots@mozilla.org	WARN	Loading extension 'screenshots@mozilla.org': Reading manifest: Invalid extension permission: resource://pdf.js/
1559067885678	addons.webextension.screenshots@mozilla.org	WARN	Loading extension 'screenshots@mozilla.org': Reading manifest: Invalid extension permission: about:reader*
1559067888828	Marionette	INFO	Listening on port 33189
1559067888878	Marionette	WARN	TLS certificate errors will be ignored for this session
JavaScript error: https://crm.teste.necto.com.br/static/js/app.js, line 2: TypeError: t.browser is undefined
JavaScript error: https://crm.teste.necto.com.br/static/js/app.js, line 2: TypeError: t.browser is undefined
JavaScript error: https://crm.teste.necto.com.br/static/js/app.js, line 2: TypeError: t.browser is undefined
JavaScript error: https://crm.teste.necto.com.br/static/js/app.js, line 2: TypeError: t.browser is undefined
JavaScript error: https://crm.teste.necto.com.br/static/js/app.js, line 2: TypeError: t.browser is undefined
JavaScript error: https://crm.teste.necto.com.br/static/js/app.js, line 2: TypeError: t.browser is undefined
[Parent 18667, Gecko_IOThread] WARNING: pipe error (88): Conexão fechada pela outra ponta: file /build/firefox-MhlWie/firefox-67.0+build2/ipc/chromium/src/chrome/common/ipc_channel_posix.cc, line 357
[Parent 18667, Gecko_IOThread] WARNING: pipe error (80): Conexão fechada pela outra ponta: file /build/firefox-MhlWie/firefox-67.0+build2/ipc/chromium/src/chrome/common/ipc_channel_posix.cc, line 357
1559067935065	Marionette	INFO	Stopped listening on port 33189
1559067962600	mozrunner::runner	INFO	Running command: "/usr/bin/firefox" "-marionette" "-foreground" "-no-remote" "-profile" "/tmp/rust_mozprofile.iQwPOBNWfBmG"
1559067962973	addons.webextension.screenshots@mozilla.org	WARN	Loading extension 'screenshots@mozilla.org': Reading manifest: Invalid extension permission: mozillaAddons
1559067962973	addons.webextension.screenshots@mozilla.org	WARN	Loading extension 'screenshots@mozilla.org': Reading manifest: Invalid extension permission: resource://pdf.js/
1559067962973	addons.webextension.screenshots@mozilla.org	WARN	Loading extension 'screenshots@mozilla.org': Reading manifest: Invalid extension permission: about:reader*
1559067966101	Marionette	INFO	Listening on port 38623
1559067966114	Marionette	WARN	TLS certificate errors will be ignored for this session
JavaScript error: https://crm.teste.necto.com.br/static/js/app.js, line 2: TypeError: t.browser is undefined
JavaScript error: https://crm.teste.necto.com.br/static/js/app.js, line 2: TypeError: t.browser is undefined
JavaScript error: https://crm.teste.necto.com.br/static/js/app.js, line 2: TypeError: t.browser is undefined
JavaScript error: https://crm.teste.necto.com.br/static/js/app.js, line 2: TypeError: t.browser is undefined
JavaScript error: https://crm.teste.necto.com.br/static/js/app.js, line 2: TypeError: t.browser is undefined
1559067979877	mozrunner::runner	INFO	Running command: "/usr/bin/firefox" "-marionette" "-foreground" "-no-remote" "-profile" "/tmp/rust_mozprofile.zDHyOdUMdNXd"
1559067980230	addons.webextension.screenshots@mozilla.org	WARN	Loading extension 'screenshots@mozilla.org': Reading manifest: Invalid extension permission: mozillaAddons
1559067980230	addons.webextension.screenshots@mozilla.org	WARN	Loading extension 'screenshots@mozilla.org': Reading manifest: Invalid extension permission: resource://pdf.js/
1559067980230	addons.webextension.screenshots@mozilla.org	WARN	Loading extension 'screenshots@mozilla.org': Reading manifest: Invalid extension permission: about:reader*
1559067983644	Marionette	INFO	Listening on port 33399
1559067983689	Marionette	WARN	TLS certificate errors will be ignored for this session
console.error: BroadcastService: 
  receivedBroadcastMessage: handler for
  remote-settings/monitor_changes
  threw error:
  Message: Error: Polling for changes failed: http://%(server)s/dummy/blocklist//buckets/monitor/collections/changes/records?_expected=%221559067343649%22 is not a valid URL..
  Stack:
    remoteSettingsFunction/remoteSettings.pollChanges@resource://services-settings/remote-settings.js:203:13

JavaScript error: https://crm.teste.necto.com.br/static/js/app.js, line 2: TypeError: t.browser is undefined
JavaScript error: https://crm.teste.necto.com.br/static/js/app.js, line 2: TypeError: t.browser is undefined
JavaScript error: https://crm.teste.necto.com.br/static/js/app.js, line 2: TypeError: t.browser is undefined
JavaScript error: https://crm.teste.necto.com.br/static/js/app.js, line 2: TypeError: t.browser is undefined
JavaScript error: https://crm.teste.necto.com.br/static/js/app.js, line 2: TypeError: t.browser is undefined
JavaScript error: https://crm.teste.necto.com.br/static/js/app.js, line 2: TypeError: t.browser is undefined
JavaScript error: https://crm.teste.necto.com.br/static/js/app.js, line 2: TypeError: t.browser is undefined
JavaScript error: resource:///modules/ContentMetaHandler.jsm, line 156: NS_ERROR_ILLEGAL_VALUE: 
[Parent 19359, Gecko_IOThread] WARNING: pipe error (80): Conexão fechada pela outra ponta: file /build/firefox-MhlWie/firefox-67.0+build2/ipc/chromium/src/chrome/common/ipc_channel_posix.cc, line 357
[Parent 19359, Gecko_IOThread] WARNING: pipe error (88): Conexão fechada pela outra ponta: file /build/firefox-MhlWie/firefox-67.0+build2/ipc/chromium/src/chrome/common/ipc_channel_posix.cc, line 357
1559068007191	Marionette	INFO	Stopped listening on port 33399
[Parent 19082, Gecko_IOThread] WARNING: pipe error (99): Conexão fechada pela outra ponta: file /build/firefox-MhlWie/firefox-67.0+build2/ipc/chromium/src/chrome/common/ipc_channel_posix.cc, line 357
[Parent 19082, Gecko_IOThread] WARNING: pipe error (80): Conexão fechada pela outra ponta: file /build/firefox-MhlWie/firefox-67.0+build2/ipc/chromium/src/chrome/common/ipc_channel_posix.cc, line 357
1559068007899	Marionette	INFO	Stopped listening on port 38623
1559068932702	mozrunner::runner	INFO	Running command: "/usr/bin/firefox" "-marionette" "-foreground" "-no-remote" "-profile" "/tmp/rust_mozprofile.paFVFumXvy9f"
1559068933142	addons.webextension.screenshots@mozilla.org	WARN	Loading extension 'screenshots@mozilla.org': Reading manifest: Invalid extension permission: mozillaAddons
1559068933142	addons.webextension.screenshots@mozilla.org	WARN	Loading extension 'screenshots@mozilla.org': Reading manifest: Invalid extension permission: resource://pdf.js/
1559068933142	addons.webextension.screenshots@mozilla.org	WARN	Loading extension 'screenshots@mozilla.org': Reading manifest: Invalid extension permission: about:reader*
1559068936356	Marionette	INFO	Listening on port 37411
1559068936416	Marionette	WARN	TLS certificate errors will be ignored for this session
JavaScript error: https://crm.teste.necto.com.br/static/js/app.js, line 2: TypeError: t.browser is undefined
[Parent 20407, Gecko_IOThread] WARNING: pipe error (60): Conexão fechada pela outra ponta: file /build/firefox-MhlWie/firefox-67.0+build2/ipc/chromium/src/chrome/common/ipc_channel_posix.cc, line 357
[Parent 20407, Gecko_IOThread] WARNING: pipe error (80): Conexão fechada pela outra ponta: file /build/firefox-MhlWie/firefox-67.0+build2/ipc/chromium/src/chrome/common/ipc_channel_posix.cc, line 357
*** UTM:SVC TimerManager:registerTimer called after profile-before-change notification. Ignoring timer registration for id: telemetry_modules_ping
1559068994029	Marionette	INFO	Stopped listening on port 37411
1559069248586	mozrunner::runner	INFO	Running command: "/usr/bin/firefox" "-marionette" "-foreground" "-no-remote" "-profile" "/tmp/rust_mozprofile.4ngJyQtwdOoa"
1559069248982	addons.webextension.screenshots@mozilla.org	WARN	Loading extension 'screenshots@mozilla.org': Reading manifest: Invalid extension permission: mozillaAddons
1559069248983	addons.webextension.screenshots@mozilla.org	WARN	Loading extension 'screenshots@mozilla.org': Reading manifest: Invalid extension permission: resource://pdf.js/
1559069248983	addons.webextension.screenshots@mozilla.org	WARN	Loading extension 'screenshots@mozilla.org': Reading manifest: Invalid extension permission: about:reader*
1559069252145	Marionette	INFO	Listening on port 44663
1559069252198	Marionette	WARN	TLS certificate errors will be ignored for this session
JavaScript error: https://crm.teste.necto.com.br/static/js/app.js, line 2: TypeError: t.browser is undefined
console.error: BroadcastService: 
  receivedBroadcastMessage: handler for
  remote-settings/monitor_changes
  threw error:
  Message: Error: Polling for changes failed: http://%(server)s/dummy/blocklist//buckets/monitor/collections/changes/records?_expected=%221559067343649%22 is not a valid URL..
  Stack:
    remoteSettingsFunction/remoteSettings.pollChanges@resource://services-settings/remote-settings.js:203:13

[Parent 21137, Gecko_IOThread] WARNING: pipe error (94): Conexão fechada pela outra ponta: file /build/firefox-MhlWie/firefox-67.0+build2/ipc/chromium/src/chrome/common/ipc_channel_posix.cc, line 357
[Parent 21137, Gecko_IOThread] WARNING: pipe error (80): Conexão fechada pela outra ponta: file /build/firefox-MhlWie/firefox-67.0+build2/ipc/chromium/src/chrome/common/ipc_channel_posix.cc, line 357
1559069278379	Marionette	INFO	Stopped listening on port 44663
1559069349018	mozrunner::runner	INFO	Running command: "/usr/bin/firefox" "-marionette" "-foreground" "-no-remote" "-profile" "/tmp/rust_mozprofile.3DECoAqVNgCi"
1559069349438	addons.webextension.screenshots@mozilla.org	WARN	Loading extension 'screenshots@mozilla.org': Reading manifest: Invalid extension permission: mozillaAddons
1559069349438	addons.webextension.screenshots@mozilla.org	WARN	Loading extension 'screenshots@mozilla.org': Reading manifest: Invalid extension permission: resource://pdf.js/
1559069349438	addons.webextension.screenshots@mozilla.org	WARN	Loading extension 'screenshots@mozilla.org': Reading manifest: Invalid extension permission: about:reader*
1559069353191	Marionette	INFO	Listening on port 38829
1559069353231	Marionette	WARN	TLS certificate errors will be ignored for this session
JavaScript error: https://crm.teste.necto.com.br/static/js/app.js, line 2: TypeError: t.browser is undefined
[Parent 21682, Gecko_IOThread] WARNING: pipe error (80): Conexão fechada pela outra ponta: file /build/firefox-MhlWie/firefox-67.0+build2/ipc/chromium/src/chrome/common/ipc_channel_posix.cc, line 357
[Parent 21682, Gecko_IOThread] WARNING: pipe error (60): Conexão fechada pela outra ponta: file /build/firefox-MhlWie/firefox-67.0+build2/ipc/chromium/src/chrome/common/ipc_channel_posix.cc, line 357
1559069407588	Marionette	INFO	Stopped listening on port 38829
1559069419762	mozrunner::runner	INFO	Running command: "/usr/bin/firefox" "-marionette" "-foreground" "-no-remote" "-profile" "/tmp/rust_mozprofile.E6EfwrQ0H6tU"
1559069420172	addons.webextension.screenshots@mozilla.org	WARN	Loading extension 'screenshots@mozilla.org': Reading manifest: Invalid extension permission: mozillaAddons
1559069420172	addons.webextension.screenshots@mozilla.org	WARN	Loading extension 'screenshots@mozilla.org': Reading manifest: Invalid extension permission: resource://pdf.js/
1559069420172	addons.webextension.screenshots@mozilla.org	WARN	Loading extension 'screenshots@mozilla.org': Reading manifest: Invalid extension permission: about:reader*
1559069423258	Marionette	INFO	Listening on port 40267
1559069423282	Marionette	WARN	TLS certificate errors will be ignored for this session
JavaScript error: https://crm.teste.necto.com.br/static/js/app.js, line 2: TypeError: t.browser is undefined
JavaScript error: https://crm.teste.necto.com.br/static/js/app.js, line 2: TypeError: t.browser is undefined
JavaScript error: https://crm.teste.necto.com.br/static/js/app.js, line 2: TypeError: t.browser is undefined
JavaScript error: https://crm.teste.necto.com.br/static/js/app.js, line 2: TypeError: t.browser is undefined
console.error: BroadcastService: 
  receivedBroadcastMessage: handler for
  remote-settings/monitor_changes
  threw error:
  Message: Error: Polling for changes failed: http://%(server)s/dummy/blocklist//buckets/monitor/collections/changes/records?_expected=%221559067343649%22 is not a valid URL..
  Stack:
    remoteSettingsFunction/remoteSettings.pollChanges@resource://services-settings/remote-settings.js:203:13

1559069522691	mozrunner::runner	INFO	Running command: "/usr/bin/firefox" "-marionette" "-foreground" "-no-remote" "-profile" "/tmp/rust_mozprofile.9BBMDEoqH0V6"
1559069523055	addons.webextension.screenshots@mozilla.org	WARN	Loading extension 'screenshots@mozilla.org': Reading manifest: Invalid extension permission: mozillaAddons
1559069523055	addons.webextension.screenshots@mozilla.org	WARN	Loading extension 'screenshots@mozilla.org': Reading manifest: Invalid extension permission: resource://pdf.js/
1559069523055	addons.webextension.screenshots@mozilla.org	WARN	Loading extension 'screenshots@mozilla.org': Reading manifest: Invalid extension permission: about:reader*
1559069526188	Marionette	INFO	Listening on port 36189
1559069526219	Marionette	WARN	TLS certificate errors will be ignored for this session
JavaScript error: https://crm.teste.necto.com.br/static/js/app.js, line 2: TypeError: t.browser is undefined
JavaScript error: https://crm.teste.necto.com.br/static/js/app.js, line 2: TypeError: t.browser is undefined
JavaScript error: https://crm.teste.necto.com.br/static/js/app.js, line 2: TypeError: t.browser is undefined
JavaScript error: https://crm.teste.necto.com.br/static/js/app.js, line 2: TypeError: t.browser is undefined
JavaScript error: https://crm.teste.necto.com.br/static/js/app.js, line 2: TypeError: t.browser is undefined
[Parent 22570, Gecko_IOThread] WARNING: pipe error (80): Conexão fechada pela outra ponta: file /build/firefox-MhlWie/firefox-67.0+build2/ipc/chromium/src/chrome/common/ipc_channel_posix.cc, line 357
[Parent 22570, Gecko_IOThread] WARNING: pipe error (97): Conexão fechada pela outra ponta: file /build/firefox-MhlWie/firefox-67.0+build2/ipc/chromium/src/chrome/common/ipc_channel_posix.cc, line 357
1559069563635	Marionette	INFO	Stopped listening on port 36189
JavaScript error: chrome://browser/content/browser-customization.js, line 167: NS_ERROR_NOT_INITIALIZED: 
[Parent 22025, Gecko_IOThread] WARNING: pipe error (88): Conexão fechada pela outra ponta: file /build/firefox-MhlWie/firefox-67.0+build2/ipc/chromium/src/chrome/common/ipc_channel_posix.cc, line 357
1559069567339	Marionette	INFO	Stopped listening on port 40267
1559070432110	mozrunner::runner	INFO	Running command: "/usr/bin/firefox" "-marionette" "-foreground" "-no-remote" "-profile" "/tmp/rust_mozprofile.jUq4ZFScAOB3"
1559070432514	addons.webextension.screenshots@mozilla.org	WARN	Loading extension 'screenshots@mozilla.org': Reading manifest: Invalid extension permission: mozillaAddons
1559070432514	addons.webextension.screenshots@mozilla.org	WARN	Loading extension 'screenshots@mozilla.org': Reading manifest: Invalid extension permission: resource://pdf.js/
1559070432514	addons.webextension.screenshots@mozilla.org	WARN	Loading extension 'screenshots@mozilla.org': Reading manifest: Invalid extension permission: about:reader*
1559070435665	Marionette	INFO	Listening on port 42737
1559070435720	Marionette	WARN	TLS certificate errors will be ignored for this session
JavaScript error: https://crm.teste.necto.com.br/static/js/app.js, line 2: TypeError: t.browser is undefined
[Parent 23641, Gecko_IOThread] WARNING: pipe error (61): Conexão fechada pela outra ponta: file /build/firefox-MhlWie/firefox-67.0+build2/ipc/chromium/src/chrome/common/ipc_channel_posix.cc, line 357
[Parent 23641, Gecko_IOThread] WARNING: pipe error (80): Conexão fechada pela outra ponta: file /build/firefox-MhlWie/firefox-67.0+build2/ipc/chromium/src/chrome/common/ipc_channel_posix.cc, line 357
1559070463016	Marionette	INFO	Stopped listening on port 42737
1559070495263	mozrunner::runner	INFO	Running command: "/usr/bin/firefox" "-marionette" "-foreground" "-no-remote" "-profile" "/tmp/rust_mozprofile.j3m3UwcWSLyU"
1559070495686	addons.webextension.screenshots@mozilla.org	WARN	Loading extension 'screenshots@mozilla.org': Reading manifest: Invalid extension permission: mozillaAddons
1559070495686	addons.webextension.screenshots@mozilla.org	WARN	Loading extension 'screenshots@mozilla.org': Reading manifest: Invalid extension permission: resource://pdf.js/
1559070495686	addons.webextension.screenshots@mozilla.org	WARN	Loading extension 'screenshots@mozilla.org': Reading manifest: Invalid extension permission: about:reader*
1559070498854	Marionette	INFO	Listening on port 33079
1559070498874	Marionette	WARN	TLS certificate errors will be ignored for this session
JavaScript error: https://crm.teste.necto.com.br/static/js/app.js, line 2: TypeError: t.browser is undefined
JavaScript error: https://crm.teste.necto.com.br/static/js/app.js, line 2: TypeError: t.browser is undefined
JavaScript error: https://crm.teste.necto.com.br/static/js/app.js, line 2: TypeError: t.browser is undefined
JavaScript error: https://crm.teste.necto.com.br/static/js/app.js, line 2: TypeError: t.browser is undefined
JavaScript error: https://crm.teste.necto.com.br/static/js/app.js, line 2: TypeError: t.browser is undefined
console.error: BroadcastService: 
  receivedBroadcastMessage: handler for
  remote-settings/monitor_changes
  threw error:
  Message: Error: Polling for changes failed: http://%(server)s/dummy/blocklist//buckets/monitor/collections/changes/records?_expected=%221559067343649%22 is not a valid URL..
  Stack:
    remoteSettingsFunction/remoteSettings.pollChanges@resource://services-settings/remote-settings.js:203:13

1559070550429	Marionette	INFO	Stopped listening on port 33079
1559071077608	mozrunner::runner	INFO	Running command: "/usr/bin/firefox" "-marionette" "-foreground" "-no-remote" "-profile" "/tmp/rust_mozprofile.8aQM15VX4VYo"
1559071078007	addons.webextension.screenshots@mozilla.org	WARN	Loading extension 'screenshots@mozilla.org': Reading manifest: Invalid extension permission: mozillaAddons
1559071078008	addons.webextension.screenshots@mozilla.org	WARN	Loading extension 'screenshots@mozilla.org': Reading manifest: Invalid extension permission: resource://pdf.js/
1559071078008	addons.webextension.screenshots@mozilla.org	WARN	Loading extension 'screenshots@mozilla.org': Reading manifest: Invalid extension permission: about:reader*
1559071081437	Marionette	INFO	Listening on port 38855
1559071081522	Marionette	WARN	TLS certificate errors will be ignored for this session
JavaScript error: https://crm.teste.necto.com.br/static/js/app.js, line 2: TypeError: t.browser is undefined
JavaScript error: https://crm.teste.necto.com.br/static/js/app.js, line 2: TypeError: t.browser is undefined
JavaScript error: https://crm.teste.necto.com.br/static/js/app.js, line 2: TypeError: t.browser is undefined
JavaScript error: https://crm.teste.necto.com.br/static/js/app.js, line 2: TypeError: t.browser is undefined
JavaScript error: https://crm.teste.necto.com.br/static/js/app.js, line 2: TypeError: t.browser is undefined
console.error: BroadcastService: 
  receivedBroadcastMessage: handler for
  remote-settings/monitor_changes
  threw error:
  Message: Error: Polling for changes failed: http://%(server)s/dummy/blocklist//buckets/monitor/collections/changes/records?_expected=%221559067343649%22 is not a valid URL..
  Stack:
    remoteSettingsFunction/remoteSettings.pollChanges@resource://services-settings/remote-settings.js:203:13

[Parent 24721, Gecko_IOThread] WARNING: pipe error (60): Conexão fechada pela outra ponta: file /build/firefox-MhlWie/firefox-67.0+build2/ipc/chromium/src/chrome/common/ipc_channel_posix.cc, line 357
1559071122819	Marionette	INFO	Stopped listening on port 38855
1559071541724	mozrunner::runner	INFO	Running command: "/usr/bin/firefox" "-marionette" "-foreground" "-no-remote" "-profile" "/tmp/rust_mozprofile.QyDNXTogESsa"
1559071542125	addons.webextension.screenshots@mozilla.org	WARN	Loading extension 'screenshots@mozilla.org': Reading manifest: Invalid extension permission: mozillaAddons
1559071542126	addons.webextension.screenshots@mozilla.org	WARN	Loading extension 'screenshots@mozilla.org': Reading manifest: Invalid extension permission: resource://pdf.js/
1559071542126	addons.webextension.screenshots@mozilla.org	WARN	Loading extension 'screenshots@mozilla.org': Reading manifest: Invalid extension permission: about:reader*
1559071545339	Marionette	INFO	Listening on port 38019
1559071545438	Marionette	WARN	TLS certificate errors will be ignored for this session
JavaScript error: https://crm.teste.necto.com.br/static/js/app.js, line 2: TypeError: t.browser is undefined
JavaScript error: https://crm.teste.necto.com.br/static/js/app.js, line 2: TypeError: t.browser is undefined
JavaScript error: https://crm.teste.necto.com.br/static/js/app.js, line 2: TypeError: t.browser is undefined
JavaScript error: https://crm.teste.necto.com.br/static/js/app.js, line 2: TypeError: t.browser is undefined
JavaScript error: https://crm.teste.necto.com.br/static/js/app.js, line 2: TypeError: t.browser is undefined
[Parent 25421, Gecko_IOThread] WARNING: pipe error (88): Conexão fechada pela outra ponta: file /build/firefox-MhlWie/firefox-67.0+build2/ipc/chromium/src/chrome/common/ipc_channel_posix.cc, line 357
[Parent 25421, Gecko_IOThread] WARNING: pipe error (80): Conexão fechada pela outra ponta: file /build/firefox-MhlWie/firefox-67.0+build2/ipc/chromium/src/chrome/common/ipc_channel_posix.cc, line 357
1559071574452	Marionette	INFO	Stopped listening on port 38019
1559071575617	mozrunner::runner	INFO	Running command: "/usr/bin/firefox" "-marionette" "-foreground" "-no-remote" "-profile" "/tmp/rust_mozprofile.0ZoQ8Tumu1f7"
1559071575964	addons.webextension.screenshots@mozilla.org	WARN	Loading extension 'screenshots@mozilla.org': Reading manifest: Invalid extension permission: mozillaAddons
1559071575965	addons.webextension.screenshots@mozilla.org	WARN	Loading extension 'screenshots@mozilla.org': Reading manifest: Invalid extension permission: resource://pdf.js/
1559071575965	addons.webextension.screenshots@mozilla.org	WARN	Loading extension 'screenshots@mozilla.org': Reading manifest: Invalid extension permission: about:reader*
1559071579100	Marionette	INFO	Listening on port 45371
1559071579127	Marionette	WARN	TLS certificate errors will be ignored for this session
JavaScript error: https://crm.teste.necto.com.br/static/js/app.js, line 2: TypeError: t.browser is undefined
JavaScript error: https://crm.teste.necto.com.br/static/js/app.js, line 2: TypeError: t.browser is undefined
JavaScript error: https://crm.teste.necto.com.br/static/js/app.js, line 2: TypeError: t.browser is undefined
JavaScript error: https://crm.teste.necto.com.br/static/js/app.js, line 2: TypeError: t.browser is undefined
JavaScript error: https://crm.teste.necto.com.br/static/js/app.js, line 2: TypeError: t.browser is undefined
console.error: BroadcastService: 
  receivedBroadcastMessage: handler for
  remote-settings/monitor_changes
  threw error:
  Message: Error: Polling for changes failed: http://%(server)s/dummy/blocklist//buckets/monitor/collections/changes/records?_expected=%221559067343649%22 is not a valid URL..
  Stack:
    remoteSettingsFunction/remoteSettings.pollChanges@resource://services-settings/remote-settings.js:203:13

console.warn: "Error while detaching the thread front: 'detach' request packet to 'server1.conn0.child1/context19' can't be sent as the connection is closed."
JavaScript error: https://crm.teste.necto.com.br/static/js/app.js, line 2: TypeError: t.browser is undefined
JavaScript error: https://crm.teste.necto.com.br/static/js/app.js, line 2: TypeError: t.browser is undefined
JavaScript error: https://crm.teste.necto.com.br/static/js/app.js, line 2: TypeError: t.browser is undefined
JavaScript error: https://crm.teste.necto.com.br/static/js/app.js, line 2: TypeError: t.browser is undefined
JavaScript error: https://crm.teste.necto.com.br/static/js/app.js, line 2: TypeError: t.browser is undefined
JavaScript error: https://crm.teste.necto.com.br/static/js/app.js, line 2: TypeError: t.browser is undefined
JavaScript error: https://crm.teste.necto.com.br/static/js/app.js, line 2: TypeError: t.browser is undefined
1559071883480	mozrunner::runner	INFO	Running command: "/usr/bin/firefox" "-marionette" "-foreground" "-no-remote" "-profile" "/tmp/rust_mozprofile.1tMURMi3Ap1c"
1559071883832	addons.webextension.screenshots@mozilla.org	WARN	Loading extension 'screenshots@mozilla.org': Reading manifest: Invalid extension permission: mozillaAddons
1559071883832	addons.webextension.screenshots@mozilla.org	WARN	Loading extension 'screenshots@mozilla.org': Reading manifest: Invalid extension permission: resource://pdf.js/
1559071883832	addons.webextension.screenshots@mozilla.org	WARN	Loading extension 'screenshots@mozilla.org': Reading manifest: Invalid extension permission: about:reader*
1559071886763	Marionette	INFO	Listening on port 33909
1559071886798	Marionette	WARN	TLS certificate errors will be ignored for this session
JavaScript error: https://crm.teste.necto.com.br/static/js/app.js, line 2: TypeError: t.browser is undefined
JavaScript error: https://crm.teste.necto.com.br/static/js/app.js, line 2: TypeError: t.browser is undefined
JavaScript error: https://crm.teste.necto.com.br/static/js/app.js, line 2: TypeError: t.browser is undefined
JavaScript error: https://crm.teste.necto.com.br/static/js/app.js, line 2: TypeError: t.browser is undefined
JavaScript error: https://crm.teste.necto.com.br/static/js/app.js, line 2: TypeError: t.browser is undefined
console.error: BroadcastService: 
  receivedBroadcastMessage: handler for
  remote-settings/monitor_changes
  threw error:
  Message: Error: Polling for changes failed: http://%(server)s/dummy/blocklist//buckets/monitor/collections/changes/records?_expected=%221559067343649%22 is not a valid URL..
  Stack:
    remoteSettingsFunction/remoteSettings.pollChanges@resource://services-settings/remote-settings.js:203:13

JavaScript error: https://crm.teste.necto.com.br/static/js/app.js, line 2: TypeError: t.browser is undefined
JavaScript error: https://crm.teste.necto.com.br/static/js/app.js, line 2: TypeError: t.browser is undefined
JavaScript error: https://crm.teste.necto.com.br/static/js/app.js, line 2: TypeError: t.browser is undefined
JavaScript error: https://crm.teste.necto.com.br/static/js/app.js, line 2: TypeError: t.browser is undefined
JavaScript error: https://crm.teste.necto.com.br/static/js/app.js, line 2: TypeError: t.browser is undefined
JavaScript error: https://crm.teste.necto.com.br/static/js/app.js, line 2: TypeError: t.browser is undefined
JavaScript error: chrome://browser/content/browser-customization.js, line 167: NS_ERROR_NOT_INITIALIZED: 
[Parent 25920, Gecko_IOThread] WARNING: pipe error (86): Conexão fechada pela outra ponta: file /build/firefox-MhlWie/firefox-67.0+build2/ipc/chromium/src/chrome/common/ipc_channel_posix.cc, line 357
[Parent 25920, Gecko_IOThread] WARNING: pipe error (80): Conexão fechada pela outra ponta: file /build/firefox-MhlWie/firefox-67.0+build2/ipc/chromium/src/chrome/common/ipc_channel_posix.cc, line 357
1559072522888	Marionette	INFO	Stopped listening on port 45371
JavaScript error: chrome://browser/content/browser-customization.js, line 167: NS_ERROR_NOT_INITIALIZED: 
[Parent 26583, Gecko_IOThread] WARNING: pipe error (86): Conexão fechada pela outra ponta: file /build/firefox-MhlWie/firefox-67.0+build2/ipc/chromium/src/chrome/common/ipc_channel_posix.cc, line 357
1559072852474	Marionette	INFO	Stopped listening on port 33909
1559157731216	mozrunner::runner	INFO	Running command: "/usr/bin/firefox" "-marionette" "-foreground" "-no-remote" "-profile" "/tmp/rust_mozprofile.KvIn9YKx7DqB"
1559157732753	addons.webextension.screenshots@mozilla.org	WARN	Loading extension 'screenshots@mozilla.org': Reading manifest: Invalid extension permission: mozillaAddons
1559157732753	addons.webextension.screenshots@mozilla.org	WARN	Loading extension 'screenshots@mozilla.org': Reading manifest: Invalid extension permission: resource://pdf.js/
1559157732753	addons.webextension.screenshots@mozilla.org	WARN	Loading extension 'screenshots@mozilla.org': Reading manifest: Invalid extension permission: about:reader*
1559157737784	Marionette	INFO	Listening on port 45749
1559157737795	Marionette	WARN	TLS certificate errors will be ignored for this session
JavaScript error: https://crm.teste.necto.com.br/static/js/app.js, line 2: TypeError: t.browser is undefined
JavaScript error: https://crm.teste.necto.com.br/static/js/app.js, line 2: TypeError: t.browser is undefined
JavaScript error: https://crm.teste.necto.com.br/static/js/app.js, line 2: TypeError: t.browser is undefined
JavaScript error: https://crm.teste.necto.com.br/static/js/app.js, line 2: TypeError: t.browser is undefined
JavaScript error: https://crm.teste.necto.com.br/static/js/app.js, line 2: TypeError: t.browser is undefined
console.error: BroadcastService: 
  receivedBroadcastMessage: handler for
  remote-settings/monitor_changes
  threw error:
  Message: Error: Polling for changes failed: http://%(server)s/dummy/blocklist//buckets/monitor/collections/changes/records?_expected=%221559148788979%22 is not a valid URL..
  Stack:
    remoteSettingsFunction/remoteSettings.pollChanges@resource://services-settings/remote-settings.js:203:13

JavaScript error: https://crm.teste.necto.com.br/static/js/app.js, line 2: TypeError: t.browser is undefined
[Parent 14861, Gecko_IOThread] WARNING: pipe error (80): Conexão fechada pela outra ponta: file /build/firefox-MhlWie/firefox-67.0+build2/ipc/chromium/src/chrome/common/ipc_channel_posix.cc, line 357
[Parent 14861, Gecko_IOThread] WARNING: pipe error (86): Conexão fechada pela outra ponta: file /build/firefox-MhlWie/firefox-67.0+build2/ipc/chromium/src/chrome/common/ipc_channel_posix.cc, line 357
1559157835145	Marionette	INFO	Stopped listening on port 45749
1559158060282	mozrunner::runner	INFO	Running command: "/usr/bin/firefox" "-marionette" "-foreground" "-no-remote" "-profile" "/tmp/rust_mozprofile.Dwg6tUcN5XWN"
1559158060746	addons.webextension.screenshots@mozilla.org	WARN	Loading extension 'screenshots@mozilla.org': Reading manifest: Invalid extension permission: mozillaAddons
1559158060747	addons.webextension.screenshots@mozilla.org	WARN	Loading extension 'screenshots@mozilla.org': Reading manifest: Invalid extension permission: resource://pdf.js/
1559158060747	addons.webextension.screenshots@mozilla.org	WARN	Loading extension 'screenshots@mozilla.org': Reading manifest: Invalid extension permission: about:reader*
1559158064590	Marionette	INFO	Listening on port 38489
1559158064615	Marionette	WARN	TLS certificate errors will be ignored for this session
1559158069464	mozrunner::runner	INFO	Running command: "/usr/bin/firefox" "-marionette" "-foreground" "-no-remote" "-profile" "/tmp/rust_mozprofile.zBpPQdMdgQaB"
1559158069845	addons.webextension.screenshots@mozilla.org	WARN	Loading extension 'screenshots@mozilla.org': Reading manifest: Invalid extension permission: mozillaAddons
1559158069846	addons.webextension.screenshots@mozilla.org	WARN	Loading extension 'screenshots@mozilla.org': Reading manifest: Invalid extension permission: resource://pdf.js/
1559158069846	addons.webextension.screenshots@mozilla.org	WARN	Loading extension 'screenshots@mozilla.org': Reading manifest: Invalid extension permission: about:reader*
1559158074110	Marionette	INFO	Listening on port 35905
1559158074176	Marionette	WARN	TLS certificate errors will be ignored for this session
JavaScript error: https://crm.teste.necto.com.br/static/js/app.js, line 2: TypeError: t.browser is undefined
JavaScript error: https://crm.teste.necto.com.br/static/js/app.js, line 2: TypeError: t.browser is undefined
JavaScript error: https://crm.teste.necto.com.br/static/js/app.js, line 2: TypeError: t.browser is undefined
console.error: BroadcastService: 
  receivedBroadcastMessage: handler for
  remote-settings/monitor_changes
  threw error:
  Message: Error: Polling for changes failed: http://%(server)s/dummy/blocklist//buckets/monitor/collections/changes/records?_expected=%221559148788979%22 is not a valid URL..
  Stack:
    remoteSettingsFunction/remoteSettings.pollChanges@resource://services-settings/remote-settings.js:203:13

JavaScript error: https://crm.teste.necto.com.br/static/js/app.js, line 2: TypeError: t.browser is undefined
JavaScript error: https://crm.teste.necto.com.br/static/js/app.js, line 2: TypeError: t.browser is undefined
JavaScript error: https://crm.teste.necto.com.br/static/js/app.js, line 2: TypeError: t.browser is undefined
[Parent 15809, Gecko_IOThread] WARNING: pipe error (80): Conexão fechada pela outra ponta: file /build/firefox-MhlWie/firefox-67.0+build2/ipc/chromium/src/chrome/common/ipc_channel_posix.cc, line 357
1559158148404	Marionette	INFO	Stopped listening on port 35905
[Parent 15556, Gecko_IOThread] WARNING: pipe error (88): Conexão fechada pela outra ponta: file /build/firefox-MhlWie/firefox-67.0+build2/ipc/chromium/src/chrome/common/ipc_channel_posix.cc, line 357
1559158150325	Marionette	INFO	Stopped listening on port 38489
1559158621360	mozrunner::runner	INFO	Running command: "/usr/bin/firefox" "-marionette" "-foreground" "-no-remote" "-profile" "/tmp/rust_mozprofile.VT9PSp3E47TU"
1559158621843	addons.webextension.screenshots@mozilla.org	WARN	Loading extension 'screenshots@mozilla.org': Reading manifest: Invalid extension permission: mozillaAddons
1559158621844	addons.webextension.screenshots@mozilla.org	WARN	Loading extension 'screenshots@mozilla.org': Reading manifest: Invalid extension permission: resource://pdf.js/
1559158621844	addons.webextension.screenshots@mozilla.org	WARN	Loading extension 'screenshots@mozilla.org': Reading manifest: Invalid extension permission: about:reader*
1559158625346	Marionette	INFO	Listening on port 41741
1559158625374	Marionette	WARN	TLS certificate errors will be ignored for this session
JavaScript error: https://crm.teste.necto.com.br/static/js/app.js, line 2: TypeError: t.browser is undefined
JavaScript error: https://crm.teste.necto.com.br/static/js/app.js, line 2: TypeError: t.browser is undefined
JavaScript error: https://crm.teste.necto.com.br/static/js/app.js, line 2: TypeError: t.browser is undefined
JavaScript error: https://crm.teste.necto.com.br/static/js/app.js, line 2: TypeError: t.browser is undefined
JavaScript error: https://crm.teste.necto.com.br/static/js/app.js, line 2: TypeError: t.browser is undefined
console.error: BroadcastService: 
  receivedBroadcastMessage: handler for
  remote-settings/monitor_changes
  threw error:
  Message: Error: Polling for changes failed: http://%(server)s/dummy/blocklist//buckets/monitor/collections/changes/records?_expected=%221559148788979%22 is not a valid URL..
  Stack:
    remoteSettingsFunction/remoteSettings.pollChanges@resource://services-settings/remote-settings.js:203:13

JavaScript error: https://crm.teste.necto.com.br/static/js/app.js, line 2: TypeError: t.browser is undefined
[Parent 16543, Gecko_IOThread] WARNING: pipe error (80): Conexão fechada pela outra ponta: file /build/firefox-MhlWie/firefox-67.0+build2/ipc/chromium/src/chrome/common/ipc_channel_posix.cc, line 357
[Parent 16543, Gecko_IOThread] WARNING: pipe error (94): Conexão fechada pela outra ponta: file /build/firefox-MhlWie/firefox-67.0+build2/ipc/chromium/src/chrome/common/ipc_channel_posix.cc, line 357
1559158674395	Marionette	INFO	Stopped listening on port 41741
1559158734411	mozrunner::runner	INFO	Running command: "/usr/bin/firefox" "-marionette" "-foreground" "-no-remote" "-profile" "/tmp/rust_mozprofile.tRJqAKQdcMdP"
1559158734890	addons.webextension.screenshots@mozilla.org	WARN	Loading extension 'screenshots@mozilla.org': Reading manifest: Invalid extension permission: mozillaAddons
1559158734890	addons.webextension.screenshots@mozilla.org	WARN	Loading extension 'screenshots@mozilla.org': Reading manifest: Invalid extension permission: resource://pdf.js/
1559158734890	addons.webextension.screenshots@mozilla.org	WARN	Loading extension 'screenshots@mozilla.org': Reading manifest: Invalid extension permission: about:reader*
1559158738118	Marionette	INFO	Listening on port 34613
1559158738137	Marionette	WARN	TLS certificate errors will be ignored for this session
JavaScript error: https://crm.teste.necto.com.br/static/js/app.js, line 2: TypeError: t.browser is undefined
JavaScript error: https://crm.teste.necto.com.br/static/js/app.js, line 2: TypeError: t.browser is undefined
JavaScript error: https://crm.teste.necto.com.br/static/js/app.js, line 2: TypeError: t.browser is undefined
JavaScript error: https://crm.teste.necto.com.br/static/js/app.js, line 2: TypeError: t.browser is undefined
JavaScript error: https://crm.teste.necto.com.br/static/js/app.js, line 2: TypeError: t.browser is undefined
console.error: BroadcastService: 
  receivedBroadcastMessage: handler for
  remote-settings/monitor_changes
  threw error:
  Message: Error: Polling for changes failed: http://%(server)s/dummy/blocklist//buckets/monitor/collections/changes/records?_expected=%221559148788979%22 is not a valid URL..
  Stack:
    remoteSettingsFunction/remoteSettings.pollChanges@resource://services-settings/remote-settings.js:203:13

console.warn: "Error while detaching the thread front: 'detach' request packet to 'server1.conn0.child1/context19' can't be sent as the connection is closed."
console.warn: "Error while detaching the thread front: 'detach' request packet to 'server1.conn1.child1/context19' can't be sent as the connection is closed."
1559159169210	mozrunner::runner	INFO	Running command: "/usr/bin/firefox" "-marionette" "-foreground" "-no-remote" "-profile" "/tmp/rust_mozprofile.jrg38CeNVvZd"
1559159169721	addons.webextension.screenshots@mozilla.org	WARN	Loading extension 'screenshots@mozilla.org': Reading manifest: Invalid extension permission: mozillaAddons
1559159169722	addons.webextension.screenshots@mozilla.org	WARN	Loading extension 'screenshots@mozilla.org': Reading manifest: Invalid extension permission: resource://pdf.js/
1559159169722	addons.webextension.screenshots@mozilla.org	WARN	Loading extension 'screenshots@mozilla.org': Reading manifest: Invalid extension permission: about:reader*
1559159172890	Marionette	INFO	Listening on port 46447
1559159172941	Marionette	WARN	TLS certificate errors will be ignored for this session
JavaScript error: https://crm.teste.necto.com.br/static/js/app.js, line 2: TypeError: t.browser is undefined
JavaScript error: https://crm.teste.necto.com.br/static/js/app.js, line 2: TypeError: t.browser is undefined
JavaScript error: https://crm.teste.necto.com.br/static/js/app.js, line 2: TypeError: t.browser is undefined
JavaScript error: https://crm.teste.necto.com.br/static/js/app.js, line 2: TypeError: t.browser is undefined
JavaScript error: https://crm.teste.necto.com.br/static/js/app.js, line 2: TypeError: t.browser is undefined
IPDL protocol error: Handler returned error code!

###!!! [Parent][DispatchAsyncMessage] Error: PLayerTransaction::Msg_ReleaseLayer Processing error: message was deserialized, but the handler returned false (indicating failure)

IPDL protocol error: Handler returned error code!

###!!! [Parent][DispatchAsyncMessage] Error: PLayerTransaction::Msg_ReleaseLayer Processing error: message was deserialized, but the handler returned false (indicating failure)

IPDL protocol error: Handler returned error code!

###!!! [Parent][DispatchAsyncMessage] Error: PLayerTransaction::Msg_ReleaseLayer Processing error: message was deserialized, but the handler returned false (indicating failure)

IPDL protocol error: Handler returned error code!

###!!! [Parent][DispatchAsyncMessage] Error: PLayerTransaction::Msg_ReleaseLayer Processing error: message was deserialized, but the handler returned false (indicating failure)

IPDL protocol error: Handler returned error code!

###!!! [Parent][DispatchAsyncMessage] Error: PLayerTransaction::Msg_ReleaseLayer Processing error: message was deserialized, but the handler returned false (indicating failure)

IPDL protocol error: Handler returned error code!

###!!! [Parent][DispatchAsyncMessage] Error: PLayerTransaction::Msg_ReleaseLayer Processing error: message was deserialized, but the handler returned false (indicating failure)

IPDL protocol error: Handler returned error code!

###!!! [Parent][DispatchAsyncMessage] Error: PLayerTransaction::Msg_ReleaseLayer Processing error: message was deserialized, but the handler returned false (indicating failure)

IPDL protocol error: Handler returned error code!

###!!! [Parent][DispatchAsyncMessage] Error: PLayerTransaction::Msg_ReleaseLayer Processing error: message was deserialized, but the handler returned false (indicating failure)

JavaScript error: chrome://browser/content/browser-customization.js, line 167: NS_ERROR_NOT_INITIALIZED: 
console.warn: "Error while detaching the thread front: 'detach' request packet to 'server1.conn0.child1/context19' can't be sent as the connection is closed."
[Parent 17423, Gecko_IOThread] WARNING: pipe error (80): Conexão fechada pela outra ponta: file /build/firefox-MhlWie/firefox-67.0+build2/ipc/chromium/src/chrome/common/ipc_channel_posix.cc, line 357
[Parent 17423, Gecko_IOThread] WARNING: pipe error (94): Conexão fechada pela outra ponta: file /build/firefox-MhlWie/firefox-67.0+build2/ipc/chromium/src/chrome/common/ipc_channel_posix.cc, line 357
1559159245953	Marionette	INFO	Stopped listening on port 46447
[Parent 16888, Gecko_IOThread] WARNING: pipe error (86): Conexão fechada pela outra ponta: file /build/firefox-MhlWie/firefox-67.0+build2/ipc/chromium/src/chrome/common/ipc_channel_posix.cc, line 357
[Parent 16888, Gecko_IOThread] WARNING: pipe error (80): Conexão fechada pela outra ponta: file /build/firefox-MhlWie/firefox-67.0+build2/ipc/chromium/src/chrome/common/ipc_channel_posix.cc, line 357
1559159248676	Marionette	INFO	Stopped listening on port 34613
1559159270519	mozrunner::runner	INFO	Running command: "/usr/bin/firefox" "-marionette" "-foreground" "-no-remote" "-profile" "/tmp/rust_mozprofile.omUHakiO8LGh"
1559159271006	addons.webextension.screenshots@mozilla.org	WARN	Loading extension 'screenshots@mozilla.org': Reading manifest: Invalid extension permission: mozillaAddons
1559159271006	addons.webextension.screenshots@mozilla.org	WARN	Loading extension 'screenshots@mozilla.org': Reading manifest: Invalid extension permission: resource://pdf.js/
1559159271007	addons.webextension.screenshots@mozilla.org	WARN	Loading extension 'screenshots@mozilla.org': Reading manifest: Invalid extension permission: about:reader*
1559159274718	Marionette	INFO	Listening on port 39117
1559159274734	Marionette	WARN	TLS certificate errors will be ignored for this session
JavaScript error: https://crm.teste.necto.com.br/static/js/app.js, line 2: TypeError: t.browser is undefined
JavaScript error: https://crm.teste.necto.com.br/static/js/app.js, line 2: TypeError: t.browser is undefined
JavaScript error: https://crm.teste.necto.com.br/static/js/app.js, line 2: TypeError: t.browser is undefined
JavaScript error: https://crm.teste.necto.com.br/static/js/app.js, line 2: TypeError: t.browser is undefined
JavaScript error: https://crm.teste.necto.com.br/static/js/app.js, line 2: TypeError: t.browser is undefined
console.error: BroadcastService: 
  receivedBroadcastMessage: handler for
  remote-settings/monitor_changes
  threw error:
  Message: Error: Polling for changes failed: http://%(server)s/dummy/blocklist//buckets/monitor/collections/changes/records?_expected=%221559148788979%22 is not a valid URL..
  Stack:
    remoteSettingsFunction/remoteSettings.pollChanges@resource://services-settings/remote-settings.js:203:13

JavaScript error: https://crm.teste.necto.com.br/static/js/app.js, line 2: TypeError: t.browser is undefined
IPDL protocol error: Handler returned error code!

###!!! [Parent][DispatchAsyncMessage] Error: PLayerTransaction::Msg_ReleaseLayer Processing error: message was deserialized, but the handler returned false (indicating failure)

IPDL protocol error: Handler returned error code!

###!!! [Parent][DispatchAsyncMessage] Error: PLayerTransaction::Msg_ReleaseLayer Processing error: message was deserialized, but the handler returned false (indicating failure)

IPDL protocol error: Handler returned error code!

###!!! [Parent][DispatchAsyncMessage] Error: PLayerTransaction::Msg_ReleaseLayer Processing error: message was deserialized, but the handler returned false (indicating failure)

IPDL protocol error: Handler returned error code!

###!!! [Parent][DispatchAsyncMessage] Error: PLayerTransaction::Msg_ReleaseLayer Processing error: message was deserialized, but the handler returned false (indicating failure)

IPDL protocol error: Handler returned error code!

###!!! [Parent][DispatchAsyncMessage] Error: PLayerTransaction::Msg_ReleaseLayer Processing error: message was deserialized, but the handler returned false (indicating failure)

IPDL protocol error: Handler returned error code!

###!!! [Parent][DispatchAsyncMessage] Error: PLayerTransaction::Msg_ReleaseLayer Processing error: message was deserialized, but the handler returned false (indicating failure)

IPDL protocol error: Handler returned error code!

###!!! [Parent][DispatchAsyncMessage] Error: PLayerTransaction::Msg_ReleaseLayer Processing error: message was deserialized, but the handler returned false (indicating failure)

IPDL protocol error: Handler returned error code!

###!!! [Parent][DispatchAsyncMessage] Error: PLayerTransaction::Msg_ReleaseLayer Processing error: message was deserialized, but the handler returned false (indicating failure)

console.warn: "Error while detaching the thread front: 'detach' request packet to 'server1.conn0.child1/context19' can't be sent as the connection is closed."
[Parent 17806, Gecko_IOThread] WARNING: pipe error (80): Conexão fechada pela outra ponta: file /build/firefox-MhlWie/firefox-67.0+build2/ipc/chromium/src/chrome/common/ipc_channel_posix.cc, line 357
[Parent 17806, Gecko_IOThread] WARNING: pipe error (86): Conexão fechada pela outra ponta: file /build/firefox-MhlWie/firefox-67.0+build2/ipc/chromium/src/chrome/common/ipc_channel_posix.cc, line 357
1559159408478	Marionette	INFO	Stopped listening on port 39117
1559159420432	mozrunner::runner	INFO	Running command: "/usr/bin/firefox" "-marionette" "-foreground" "-no-remote" "-profile" "/tmp/rust_mozprofile.aPsEcJxXwWe2"
1559159420818	addons.webextension.screenshots@mozilla.org	WARN	Loading extension 'screenshots@mozilla.org': Reading manifest: Invalid extension permission: mozillaAddons
1559159420819	addons.webextension.screenshots@mozilla.org	WARN	Loading extension 'screenshots@mozilla.org': Reading manifest: Invalid extension permission: resource://pdf.js/
1559159420819	addons.webextension.screenshots@mozilla.org	WARN	Loading extension 'screenshots@mozilla.org': Reading manifest: Invalid extension permission: about:reader*
1559159424176	Marionette	INFO	Listening on port 36633
1559159424246	Marionette	WARN	TLS certificate errors will be ignored for this session
JavaScript error: https://crm.teste.necto.com.br/static/js/app.js, line 2: TypeError: t.browser is undefined
JavaScript error: https://crm.teste.necto.com.br/static/js/app.js, line 2: TypeError: t.browser is undefined
JavaScript error: https://crm.teste.necto.com.br/static/js/app.js, line 2: TypeError: t.browser is undefined
JavaScript error: https://crm.teste.necto.com.br/static/js/app.js, line 2: TypeError: t.browser is undefined
JavaScript error: https://crm.teste.necto.com.br/static/js/app.js, line 2: TypeError: t.browser is undefined
1559159445390	Marionette	INFO	Stopped listening on port 36633
1559159544805	mozrunner::runner	INFO	Running command: "/usr/bin/firefox" "-marionette" "-foreground" "-no-remote" "-profile" "/tmp/rust_mozprofile.dCPIttzoiaBU"
1559159545284	addons.webextension.screenshots@mozilla.org	WARN	Loading extension 'screenshots@mozilla.org': Reading manifest: Invalid extension permission: mozillaAddons
1559159545284	addons.webextension.screenshots@mozilla.org	WARN	Loading extension 'screenshots@mozilla.org': Reading manifest: Invalid extension permission: resource://pdf.js/
1559159545285	addons.webextension.screenshots@mozilla.org	WARN	Loading extension 'screenshots@mozilla.org': Reading manifest: Invalid extension permission: about:reader*
1559159548567	Marionette	INFO	Listening on port 40143
1559159548617	Marionette	WARN	TLS certificate errors will be ignored for this session
JavaScript error: https://crm.teste.necto.com.br/static/js/app.js, line 2: TypeError: t.browser is undefined
JavaScript error: https://crm.teste.necto.com.br/static/js/app.js, line 2: TypeError: t.browser is undefined
JavaScript error: https://crm.teste.necto.com.br/static/js/app.js, line 2: TypeError: t.browser is undefined
JavaScript error: https://crm.teste.necto.com.br/static/js/app.js, line 2: TypeError: t.browser is undefined
JavaScript error: https://crm.teste.necto.com.br/static/js/app.js, line 2: TypeError: t.browser is undefined
console.error: BroadcastService: 
  receivedBroadcastMessage: handler for
  remote-settings/monitor_changes
  threw error:
  Message: Error: Polling for changes failed: http://%(server)s/dummy/blocklist//buckets/monitor/collections/changes/records?_expected=%221559148788979%22 is not a valid URL..
  Stack:
    remoteSettingsFunction/remoteSettings.pollChanges@resource://services-settings/remote-settings.js:203:13

1559159611621	mozrunner::runner	INFO	Running command: "/usr/bin/firefox" "-marionette" "-foreground" "-no-remote" "-profile" "/tmp/rust_mozprofile.eCUaEX5G4auD"
1559159612103	addons.webextension.screenshots@mozilla.org	WARN	Loading extension 'screenshots@mozilla.org': Reading manifest: Invalid extension permission: mozillaAddons
1559159612103	addons.webextension.screenshots@mozilla.org	WARN	Loading extension 'screenshots@mozilla.org': Reading manifest: Invalid extension permission: resource://pdf.js/
1559159612104	addons.webextension.screenshots@mozilla.org	WARN	Loading extension 'screenshots@mozilla.org': Reading manifest: Invalid extension permission: about:reader*
1559159615842	Marionette	INFO	Listening on port 34437
1559159615938	Marionette	WARN	TLS certificate errors will be ignored for this session
JavaScript error: https://crm.teste.necto.com.br/static/js/app.js, line 2: TypeError: t.browser is undefined
JavaScript error: https://crm.teste.necto.com.br/static/js/app.js, line 2: TypeError: t.browser is undefined
JavaScript error: https://crm.teste.necto.com.br/static/js/app.js, line 2: TypeError: t.browser is undefined
JavaScript error: https://crm.teste.necto.com.br/static/js/app.js, line 2: TypeError: t.browser is undefined
JavaScript error: https://crm.teste.necto.com.br/static/js/app.js, line 2: TypeError: t.browser is undefined
JavaScript error: https://crm.teste.necto.com.br/static/js/app.js, line 2: TypeError: t.browser is undefined
JavaScript error: https://crm.teste.necto.com.br/static/js/app.js, line 2: TypeError: t.browser is undefined
JavaScript error: https://crm.teste.necto.com.br/static/js/app.js, line 2: TypeError: t.browser is undefined
JavaScript error: https://crm.teste.necto.com.br/static/js/app.js, line 2: TypeError: t.browser is undefined
JavaScript error: https://crm.teste.necto.com.br/static/js/app.js, line 2: TypeError: t.browser is undefined
JavaScript error: https://crm.teste.necto.com.br/static/js/app.js, line 2: TypeError: t.browser is undefined
JavaScript error: chrome://browser/content/browser-customization.js, line 167: NS_ERROR_NOT_INITIALIZED: 
[Parent 18913, Gecko_IOThread] WARNING: pipe error (80): Conexão fechada pela outra ponta: file /build/firefox-MhlWie/firefox-67.0+build2/ipc/chromium/src/chrome/common/ipc_channel_posix.cc, line 357
1559159821485	Marionette	INFO	Stopped listening on port 34437
[Parent 18591, Gecko_IOThread] WARNING: pipe error (80): Conexão fechada pela outra ponta: file /build/firefox-MhlWie/firefox-67.0+build2/ipc/chromium/src/chrome/common/ipc_channel_posix.cc, line 357
1559159824329	Marionette	INFO	Stopped listening on port 40143
1559159849141	mozrunner::runner	INFO	Running command: "/usr/bin/firefox" "-marionette" "-foreground" "-no-remote" "-profile" "/tmp/rust_mozprofile.YbKFNMcZOR7t"
1559159849622	addons.webextension.screenshots@mozilla.org	WARN	Loading extension 'screenshots@mozilla.org': Reading manifest: Invalid extension permission: mozillaAddons
1559159849622	addons.webextension.screenshots@mozilla.org	WARN	Loading extension 'screenshots@mozilla.org': Reading manifest: Invalid extension permission: resource://pdf.js/
1559159849622	addons.webextension.screenshots@mozilla.org	WARN	Loading extension 'screenshots@mozilla.org': Reading manifest: Invalid extension permission: about:reader*
1559159852993	Marionette	INFO	Listening on port 40001
1559159853057	Marionette	WARN	TLS certificate errors will be ignored for this session
JavaScript error: https://crm.teste.necto.com.br/static/js/app.js, line 2: TypeError: t.browser is undefined
JavaScript error: https://crm.teste.necto.com.br/static/js/app.js, line 2: TypeError: t.browser is undefined
JavaScript error: https://crm.teste.necto.com.br/static/js/app.js, line 2: TypeError: t.browser is undefined
JavaScript error: https://crm.teste.necto.com.br/static/js/app.js, line 2: TypeError: t.browser is undefined
JavaScript error: https://crm.teste.necto.com.br/static/js/app.js, line 2: TypeError: t.browser is undefined
console.error: BroadcastService: 
  receivedBroadcastMessage: handler for
  remote-settings/monitor_changes
  threw error:
  Message: Error: Polling for changes failed: http://%(server)s/dummy/blocklist//buckets/monitor/collections/changes/records?_expected=%221559148788979%22 is not a valid URL..
  Stack:
    remoteSettingsFunction/remoteSettings.pollChanges@resource://services-settings/remote-settings.js:203:13

JavaScript error: https://crm.teste.necto.com.br/static/js/app.js, line 2: TypeError: t.browser is undefined
[Parent 19331, Gecko_IOThread] WARNING: pipe error (80): Conexão fechada pela outra ponta: file /build/firefox-MhlWie/firefox-67.0+build2/ipc/chromium/src/chrome/common/ipc_channel_posix.cc, line 357
[Parent 19331, Gecko_IOThread] WARNING: pipe error (94): Conexão fechada pela outra ponta: file /build/firefox-MhlWie/firefox-67.0+build2/ipc/chromium/src/chrome/common/ipc_channel_posix.cc, line 357
1559159881440	Marionette	INFO	Stopped listening on port 40001
